<?xml version="1.0" encoding="UTF-8"?>
<coverage generated="1670491439773" clover="3.2.0">
  <project timestamp="1670491439773" name="All files">
    <metrics statements="28" coveredstatements="27" conditionals="16" coveredconditionals="14" methods="7" coveredmethods="7" elements="51" coveredelements="48" complexity="0" loc="28" ncloc="28" packages="1" files="1" classes="1"/>
    <file name="fizzbuzz.ts" path="C:\Users\Benji no Raion\OneDrive\Bureau\Tdd\ttd-cour-1\d00\fizzbuzz\fizzbuzz.ts">
      <metrics statements="28" coveredstatements="27" conditionals="16" coveredconditionals="14" methods="7" coveredmethods="7"/>
      <line num="1" count="1" type="stmt"/>
      <line num="2" count="26" type="stmt"/>
      <line num="3" count="26" type="stmt"/>
      <line num="4" count="26" type="stmt"/>
      <line num="5" count="53" type="cond" truecount="1" falsecount="0"/>
      <line num="6" count="53" type="cond" truecount="1" falsecount="0"/>
      <line num="8" count="26" type="cond" truecount="1" falsecount="0"/>
      <line num="9" count="26" type="cond" truecount="1" falsecount="0"/>
      <line num="10" count="26" type="cond" truecount="2" falsecount="0"/>
      <line num="13" count="1" type="stmt"/>
      <line num="14" count="26" type="cond" truecount="1" falsecount="0"/>
      <line num="15" count="25" type="stmt"/>
      <line num="16" count="70" type="cond" truecount="2" falsecount="0"/>
      <line num="17" count="25" type="stmt"/>
      <line num="18" count="25" type="stmt"/>
      <line num="19" count="25" type="cond" truecount="1" falsecount="0"/>
      <line num="20" count="18" type="cond" truecount="1" falsecount="0"/>
      <line num="21" count="0" type="stmt"/>
      <line num="25" count="18" type="stmt"/>
      <line num="26" count="18" type="stmt"/>
      <line num="27" count="18" type="stmt"/>
      <line num="28" count="51" type="cond" truecount="1" falsecount="1"/>
      <line num="29" count="51" type="cond" truecount="1" falsecount="0"/>
      <line num="31" count="18" type="cond" truecount="1" falsecount="1"/>
      <line num="32" count="18" type="stmt"/>
      <line num="36" count="51" type="stmt"/>
      <line num="40" count="51" type="stmt"/>
      <line num="45" count="7" type="stmt"/>
    </file>
  </project>
</coverage>
