{"C:\\Users\\Benji no Raion\\OneDrive\\Bureau\\Tdd\\ttd-cour-1\\d00\\fizzbuzz\\fizzbuzz.ts": {"path":"C:\\Users\\Benji no Raion\\OneDrive\\Bureau\\Tdd\\ttd-cour-1\\d00\\fizzbuzz\\fizzbuzz.ts","statementMap":{"0":{"start":{"line":1,"column":24},"end":{"line":11,"column":1}},"1":{"start":{"line":2,"column":25},"end":{"line":2,"column":27}},"2":{"start":{"line":3,"column":33},"end":{"line":3,"column":45}},"3":{"start":{"line":4,"column":4},"end":{"line":7,"column":null}},"4":{"start":{"line":4,"column":25},"end":{"line":4,"column":26}},"5":{"start":{"line":5,"column":8},"end":{"line":5,"column":54}},"6":{"start":{"line":5,"column":37},"end":{"line":5,"column":54}},"7":{"start":{"line":6,"column":8},"end":{"line":6,"column":54}},"8":{"start":{"line":6,"column":37},"end":{"line":6,"column":54}},"9":{"start":{"line":8,"column":4},"end":{"line":8,"column":33}},"10":{"start":{"line":8,"column":16},"end":{"line":8,"column":33}},"11":{"start":{"line":9,"column":4},"end":{"line":9,"column":33}},"12":{"start":{"line":9,"column":16},"end":{"line":9,"column":33}},"13":{"start":{"line":10,"column":4},"end":{"line":10,"column":34}},"14":{"start":{"line":1,"column":13},"end":{"line":1,"column":24}},"15":{"start":{"line":13,"column":19},"end":{"line":22,"column":1}},"16":{"start":{"line":14,"column":4},"end":{"line":14,"column":20}},"17":{"start":{"line":14,"column":11},"end":{"line":14,"column":20}},"18":{"start":{"line":15,"column":22},"end":{"line":15,"column":55}},"19":{"start":{"line":16,"column":22},"end":{"line":16,"column":91}},"20":{"start":{"line":16,"column":68},"end":{"line":16,"column":85}},"21":{"start":{"line":17,"column":29},"end":{"line":17,"column":55}},"22":{"start":{"line":18,"column":4},"end":{"line":18,"column":null}},"23":{"start":{"line":19,"column":4},"end":{"line":19,"column":null}},"24":{"start":{"line":19,"column":39},"end":{"line":19,"column":null}},"25":{"start":{"line":20,"column":4},"end":{"line":20,"column":61}},"26":{"start":{"line":20,"column":31},"end":{"line":20,"column":61}},"27":{"start":{"line":21,"column":4},"end":{"line":21,"column":13}},"28":{"start":{"line":13,"column":13},"end":{"line":13,"column":19}},"29":{"start":{"line":25,"column":26},"end":{"line":25,"column":27}},"30":{"start":{"line":26,"column":40},"end":{"line":26,"column":42}},"31":{"start":{"line":27,"column":4},"end":{"line":30,"column":null}},"32":{"start":{"line":27,"column":24},"end":{"line":27,"column":25}},"33":{"start":{"line":28,"column":8},"end":{"line":29,"column":80}},"34":{"start":{"line":28,"column":40},"end":{"line":28,"column":null}},"35":{"start":{"line":29,"column":13},"end":{"line":29,"column":80}},"36":{"start":{"line":29,"column":55},"end":{"line":29,"column":80}},"37":{"start":{"line":31,"column":4},"end":{"line":32,"column":23}},"38":{"start":{"line":31,"column":35},"end":{"line":31,"column":null}},"39":{"start":{"line":32,"column":9},"end":{"line":32,"column":23}},"40":{"start":{"line":36,"column":4},"end":{"line":36,"column":22}},"41":{"start":{"line":40,"column":4},"end":{"line":40,"column":26}},"42":{"start":{"line":45,"column":4},"end":{"line":45,"column":38}}},"fnMap":{"0":{"name":"(anonymous_0)","decl":{"start":{"line":1,"column":24},"end":{"line":1,"column":25}},"loc":{"start":{"line":1,"column":46},"end":{"line":11,"column":1}}},"1":{"name":"(anonymous_1)","decl":{"start":{"line":13,"column":19},"end":{"line":13,"column":20}},"loc":{"start":{"line":13,"column":41},"end":{"line":22,"column":1}}},"2":{"name":"(anonymous_2)","decl":{"start":{"line":16,"column":61},"end":{"line":16,"column":64}},"loc":{"start":{"line":16,"column":68},"end":{"line":16,"column":85}}},"3":{"name":"returnSum","decl":{"start":{"line":24,"column":9},"end":{"line":24,"column":18}},"loc":{"start":{"line":24,"column":45},"end":{"line":33,"column":1}}},"4":{"name":"isNegative","decl":{"start":{"line":35,"column":9},"end":{"line":35,"column":19}},"loc":{"start":{"line":35,"column":34},"end":{"line":37,"column":1}}},"5":{"name":"isInferiorToThousand","decl":{"start":{"line":39,"column":9},"end":{"line":39,"column":29}},"loc":{"start":{"line":39,"column":44},"end":{"line":41,"column":1}}},"6":{"name":"unrepeated","decl":{"start":{"line":43,"column":9},"end":{"line":43,"column":19}},"loc":{"start":{"line":43,"column":32},"end":{"line":46,"column":1}}}},"branchMap":{"0":{"loc":{"start":{"line":5,"column":8},"end":{"line":5,"column":54}},"type":"if","locations":[{"start":{"line":5,"column":8},"end":{"line":5,"column":54}}]},"1":{"loc":{"start":{"line":6,"column":8},"end":{"line":6,"column":54}},"type":"if","locations":[{"start":{"line":6,"column":8},"end":{"line":6,"column":54}}]},"2":{"loc":{"start":{"line":8,"column":4},"end":{"line":8,"column":33}},"type":"if","locations":[{"start":{"line":8,"column":4},"end":{"line":8,"column":33}}]},"3":{"loc":{"start":{"line":9,"column":4},"end":{"line":9,"column":33}},"type":"if","locations":[{"start":{"line":9,"column":4},"end":{"line":9,"column":33}}]},"4":{"loc":{"start":{"line":10,"column":11},"end":{"line":10,"column":33}},"type":"binary-expr","locations":[{"start":{"line":10,"column":11},"end":{"line":10,"column":17}},{"start":{"line":10,"column":21},"end":{"line":10,"column":33}}]},"5":{"loc":{"start":{"line":14,"column":4},"end":{"line":14,"column":20}},"type":"if","locations":[{"start":{"line":14,"column":4},"end":{"line":14,"column":20}}]},"6":{"loc":{"start":{"line":16,"column":22},"end":{"line":16,"column":91}},"type":"cond-expr","locations":[{"start":{"line":16,"column":45},"end":{"line":16,"column":86}},{"start":{"line":16,"column":89},"end":{"line":16,"column":91}}]},"7":{"loc":{"start":{"line":19,"column":4},"end":{"line":19,"column":null}},"type":"if","locations":[{"start":{"line":19,"column":4},"end":{"line":19,"column":null}}]},"8":{"loc":{"start":{"line":20,"column":4},"end":{"line":20,"column":61}},"type":"if","locations":[{"start":{"line":20,"column":4},"end":{"line":20,"column":61}}]},"9":{"loc":{"start":{"line":28,"column":8},"end":{"line":29,"column":80}},"type":"if","locations":[{"start":{"line":28,"column":8},"end":{"line":29,"column":80}},{"start":{"line":29,"column":13},"end":{"line":29,"column":80}}]},"10":{"loc":{"start":{"line":29,"column":13},"end":{"line":29,"column":80}},"type":"if","locations":[{"start":{"line":29,"column":13},"end":{"line":29,"column":80}}]},"11":{"loc":{"start":{"line":31,"column":4},"end":{"line":32,"column":23}},"type":"if","locations":[{"start":{"line":31,"column":4},"end":{"line":32,"column":23}},{"start":{"line":32,"column":9},"end":{"line":32,"column":23}}]}},"s":{"0":1,"1":26,"2":26,"3":26,"4":26,"5":53,"6":6,"7":53,"8":9,"9":26,"10":11,"11":26,"12":11,"13":26,"14":1,"15":1,"16":26,"17":1,"18":25,"19":25,"20":70,"21":25,"22":25,"23":25,"24":7,"25":18,"26":18,"27":0,"28":1,"29":18,"30":18,"31":18,"32":18,"33":51,"34":0,"35":51,"36":44,"37":18,"38":0,"39":18,"40":51,"41":51,"42":7},"f":{"0":26,"1":26,"2":70,"3":18,"4":51,"5":51,"6":7},"b":{"0":[6],"1":[9],"2":[11],"3":[11],"4":[26,7],"5":[1],"6":[24,1],"7":[7],"8":[18],"9":[0,51],"10":[44],"11":[0,18]}}
}
