TN:
SF:fizzbuzz.ts
FN:1,(anonymous_0)
FN:13,(anonymous_1)
FN:16,(anonymous_2)
FN:24,returnSum
FN:35,isNegative
FN:39,isInferiorToThousand
FN:43,unrepeated
FNF:7
FNH:7
FNDA:26,(anonymous_0)
FNDA:26,(anonymous_1)
FNDA:70,(anonymous_2)
FNDA:18,returnSum
FNDA:51,isNegative
FNDA:51,isInferiorToThousand
FNDA:7,unrepeated
DA:1,1
DA:2,26
DA:3,26
DA:4,26
DA:5,53
DA:6,53
DA:8,26
DA:9,26
DA:10,26
DA:13,1
DA:14,26
DA:15,25
DA:16,70
DA:17,25
DA:18,25
DA:19,25
DA:20,18
DA:21,0
DA:25,18
DA:26,18
DA:27,18
DA:28,51
DA:29,51
DA:31,18
DA:32,18
DA:36,51
DA:40,51
DA:45,7
LF:28
LH:27
BRDA:5,0,0,6
BRDA:6,1,0,9
BRDA:8,2,0,11
BRDA:9,3,0,11
BRDA:10,4,0,26
BRDA:10,4,1,7
BRDA:14,5,0,1
BRDA:16,6,0,24
BRDA:16,6,1,1
BRDA:19,7,0,7
BRDA:20,8,0,18
BRDA:28,9,0,0
BRDA:28,9,1,51
BRDA:29,10,0,44
BRDA:31,11,0,0
BRDA:31,11,1,18
BRF:16
BRH:14
end_of_record
